<?xml version="1.0" encoding="UTF-8"?>
<testsuite xmlns:xsi="http://www.w3.org/2001/XMLSchema-instance" xsi:noNamespaceSchemaLocation="https://maven.apache.org/surefire/maven-surefire-plugin/xsd/surefire-test-report-3.0.xsd" version="3.0" name="test.java.com.example.testrunner.TestRunner" time="3.961" tests="3" errors="0" skipped="0" failures="0">
  <properties>
[...]
</properties>
  <testcase name="Unsuccessful login with locked out user" classname="Sauce Demo Login" time="1.456">
    <system-out><![CDATA[
Scenario: Unsuccessful login with locked out user                                          &amp#27;[90m# src/test/resources/features/sauceDemo.feature:4&amp#27;[0m
  &amp#27;[32mGiven &amp#27;[0m&amp#27;[32mI am on the Sauce Demo login page&amp#27;[0m                                                  &amp#27;[90m# test.java.com.example.stepdefitions.AppTest.iAmOnTheSaucedemoLoginPage()&amp#27;[0m
  &amp#27;[32mWhen &amp#27;[0m&amp#27;[32mI enter a locked out user and password&amp#27;[0m                                              &amp#27;[90m# test.java.com.example.stepdefitions.AppTest.IEnterALockedOutUserAndPassword()&amp#27;[0m
  &amp#27;[32mAnd &amp#27;[0m&amp#27;[32mI click the login button&amp#27;[0m                                                             &amp#27;[90m# test.java.com.example.stepdefitions.AppTest.iClickTheLoginButton()&amp#27;[0m
  &amp#27;[32mThen &amp#27;[0m&amp#27;[32mI should see an error message 'Epic sadface: Sorry, this user has been locked out.'&amp#27;[0m &amp#27;[90m# test.java.com.example.stepdefitions.AppTest.iShouldSeeAnErrorMessageLockedOutUser()&amp#27;[0m
]]></system-out>
    <system-err><![CDATA[SLF4J(W): No SLF4J providers were found.
SLF4J(W): Defaulting to no-operation (NOP) logger implementation
SLF4J(W): See https://www.slf4j.org/codes.html#noProviders for further details.
Oct 06, 2024 11:01:46 AM org.openqa.selenium.devtools.CdpVersionFinder findNearestMatch
WARNING: Unable to find CDP implementation matching 129
Oct 06, 2024 11:01:46 AM org.openqa.selenium.chromium.ChromiumDriver lambda$new$5
WARNING: Unable to find version of CDP to use for 129.0.6668.90. You may need to include a dependency on a specific version of the CDP using something similar to `org.seleniumhq.selenium:selenium-devtools-v86:4.20.0` where the version ("v86") matches the version of the chromium-based browser you're using and the version number of the artifact is the same as Selenium's.
]]></system-err>
  </testcase>
  <testcase name="Unsuccessful login with invalid credentials" classname="Sauce Demo Login" time="1.148">
    <system-out><![CDATA[
Scenario: Unsuccessful login with invalid credentials                                                            &amp#27;[90m# src/test/resources/features/sauceDemo.feature:10&amp#27;[0m
  &amp#27;[32mGiven &amp#27;[0m&amp#27;[32mI am on the Sauce Demo login page&amp#27;[0m                                                                        &amp#27;[90m# test.java.com.example.stepdefitions.AppTest.iAmOnTheSaucedemoLoginPage()&amp#27;[0m
  &amp#27;[32mWhen &amp#27;[0m&amp#27;[32mI enter a invalid username and password&amp#27;[0m                                                                   &amp#27;[90m# test.java.com.example.stepdefitions.AppTest.iEnterAInvalidUsernameAndPassword()&amp#27;[0m
  &amp#27;[32mAnd &amp#27;[0m&amp#27;[32mI click the login button&amp#27;[0m                                                                                   &amp#27;[90m# test.java.com.example.stepdefitions.AppTest.iClickTheLoginButton()&amp#27;[0m
  &amp#27;[32mThen &amp#27;[0m&amp#27;[32mI should see an error message 'Epic sadface: Username and password do not match any user in this service'&amp#27;[0m &amp#27;[90m# test.java.com.example.stepdefitions.AppTest.iShouldSeeAnErrorMessageInvalidCredentials()&amp#27;[0m
]]></system-out>
    <system-err><![CDATA[Oct 06, 2024 11:01:47 AM org.openqa.selenium.devtools.CdpVersionFinder findNearestMatch
WARNING: Unable to find CDP implementation matching 129
Oct 06, 2024 11:01:47 AM org.openqa.selenium.chromium.ChromiumDriver lambda$new$5
WARNING: Unable to find version of CDP to use for 129.0.6668.90. You may need to include a dependency on a specific version of the CDP using something similar to `org.seleniumhq.selenium:selenium-devtools-v86:4.20.0` where the version ("v86") matches the version of the chromium-based browser you're using and the version number of the artifact is the same as Selenium's.
]]></system-err>
  </testcase>
  <testcase name="Successful login with valid credentials" classname="Sauce Demo Login" time="1.113">
    <system-out><![CDATA[
Scenario: Successful login with valid credentials   &amp#27;[90m# src/test/resources/features/sauceDemo.feature:16&amp#27;[0m
  &amp#27;[32mGiven &amp#27;[0m&amp#27;[32mI am on the Sauce Demo login page&amp#27;[0m           &amp#27;[90m# test.java.com.example.stepdefitions.AppTest.iAmOnTheSaucedemoLoginPage()&amp#27;[0m
  &amp#27;[32mWhen &amp#27;[0m&amp#27;[32mI enter a valid username and password&amp#27;[0m        &amp#27;[90m# test.java.com.example.stepdefitions.AppTest.iEnterAValidUsernameAndPassword()&amp#27;[0m
  &amp#27;[32mAnd &amp#27;[0m&amp#27;[32mI click the login button&amp#27;[0m                      &amp#27;[90m# test.java.com.example.stepdefitions.AppTest.iClickTheLoginButton()&amp#27;[0m
  &amp#27;[32mThen &amp#27;[0m&amp#27;[32mI should be redirected to the inventory page&amp#27;[0m &amp#27;[90m# test.java.com.example.stepdefitions.AppTest.iShouldBeRedirectedToTheInventoryPage()&amp#27;[0m
]]></system-out>
    <system-err><![CDATA[Oct 06, 2024 11:01:48 AM org.openqa.selenium.devtools.CdpVersionFinder findNearestMatch
WARNING: Unable to find CDP implementation matching 129
Oct 06, 2024 11:01:48 AM org.openqa.selenium.chromium.ChromiumDriver lambda$new$5
WARNING: Unable to find version of CDP to use for 129.0.6668.90. You may need to include a dependency on a specific version of the CDP using something similar to `org.seleniumhq.selenium:selenium-devtools-v86:4.20.0` where the version ("v86") matches the version of the chromium-based browser you're using and the version number of the artifact is the same as Selenium's.
]]></system-err>
  </testcase>
</testsuite>